
> tranzr-moves-admin@ build /media/vavy/DATA/Repos/Tranzr/desktop-webapp/apps/admin
> next build

  ▲ Next.js 14.2.23

   Creating an optimized production build ...
 ✓ Compiled successfully
   Linting and checking validity of types ...
   Collecting page data ...
   Generating static pages (0/4) ...
   Generating static pages (1/4) 
   Generating static pages (2/4) 
   Generating static pages (3/4) 
 ✓ Generating static pages (4/4)
   Finalizing page optimization ...
   Collecting build traces ...

Route (app)                              Size     First Load JS
┌ ○ /                                    138 B          87.2 kB
└ ○ /_not-found                          871 B          87.9 kB
+ First Load JS shared by all            87.1 kB
  ├ chunks/253-afbf4ed66d095c4b.js       31.6 kB
  ├ chunks/c51f955b-76fab98556082193.js  53.6 kB
  └ other shared chunks (total)          1.86 kB


○  (Static)  prerendered as static content

